<?xml version="1.0" encoding="UTF-8"?>
<!-- Generated by org.testng.reporters.JUnitXMLReporter -->
<testsuite hostname="Vishals-MacBook-Air-2.local" ignored="0" name="Test" tests="3" failures="0" timestamp="13 Oct 2017 09:33:34 GMT" time="18.018" errors="0">
  <testcase name="LaunchChromeBrowser" time="2.004" classname="demopackage.TestScript"/>
  <testcase name="OpenLinkServify360DashbordUrl" time="2.876" classname="demopackage.TestScript"/>
  <testcase name="UserLoginServify360Dashbord" time="13.09" classname="demopackage.TestScript"/>
</testsuite> <!-- Test -->
